# JRE version: Java(TM) SE Runtime Environment (8.0_112-b15) (build 1.8.0_112-b15)
# Java VM: Java HotSpot(TM) 64-Bit Server VM (25.112-b15 mixed mode windows-amd64 compressed oops)
Heap:
 PSYoungGen      total 44032K, used 23464K [0x00000007bc400000, 0x00000007c0000000, 0x00000007c0000000)
  eden space 27136K, 86% used [0x00000007bc400000,0x00000007bdaea3e8,0x00000007bde80000)
  from space 16896K, 0% used [0x00000007bde80000,0x00000007bde80000,0x00000007bef00000)
  to   space 16384K, 0% used [0x00000007bf000000,0x00000007bf000000,0x00000007c0000000)
 ParOldGen       total 165888K, used 43364K [0x0000000700000000, 0x000000070a200000, 0x00000007bc400000)
  object space 165888K, 26% used [0x0000000700000000,0x0000000702a590e8,0x000000070a200000)
 Metaspace       used 63139K, capacity 63675K, committed 64128K, reserved 1103872K
  class space    used 8989K, capacity 9088K, committed 9088K, reserved 1048576K
GC Heap History (10 events):
Event: 44.559 GC heap before
{Heap before GC invocations=28 (full 4):
 PSYoungGen      total 40960K, used 21457K [0x00000007bc400000, 0x00000007c0000000, 0x00000007c0000000)
  eden space 20480K, 100% used [0x00000007bc400000,0x00000007bd800000,0x00000007bd800000)
  from space 20480K, 4% used [0x00000007bd800000,0x00000007bd8f4640,0x00000007bec00000)
  to   space 19456K, 0% used [0x00000007bed00000,0x00000007bed00000,0x00000007c0000000)
 ParOldGen       total 165888K, used 39928K [0x0000000700000000, 0x000000070a200000, 0x00000007bc400000)
  object space 165888K, 24% used [0x0000000700000000,0x00000007026fe258,0x000000070a200000)
 Metaspace       used 58669K, capacity 59167K, committed 59904K, reserved 1101824K
  class space    used 8232K, capacity 8342K, committed 8448K, reserved 1048576K
Event: 44.563 GC heap after
Heap after GC invocations=28 (full 4):
 PSYoungGen      total 43008K, used 1140K [0x00000007bc400000, 0x00000007c0000000, 0x00000007c0000000)
  eden space 23552K, 0% used [0x00000007bc400000,0x00000007bc400000,0x00000007bdb00000)
  from space 19456K, 5% used [0x00000007bed00000,0x00000007bee1d278,0x00000007c0000000)
  to   space 18432K, 0% used [0x00000007bdb00000,0x00000007bdb00000,0x00000007bed00000)
 ParOldGen       total 165888K, used 39928K [0x0000000700000000, 0x000000070a200000, 0x00000007bc400000)
  object space 165888K, 24% used [0x0000000700000000,0x00000007026fe258,0x000000070a200000)
 Metaspace       used 58669K, capacity 59167K, committed 59904K, reserved 1101824K
  class space    used 8232K, capacity 8342K, committed 8448K, reserved 1048576K
}
Event: 45.143 GC heap before
{Heap before GC invocations=29 (full 4):
 PSYoungGen      total 43008K, used 24692K [0x00000007bc400000, 0x00000007c0000000, 0x00000007c0000000)
  eden space 23552K, 100% used [0x00000007bc400000,0x00000007bdb00000,0x00000007bdb00000)
  from space 19456K, 5% used [0x00000007bed00000,0x00000007bee1d278,0x00000007c0000000)
  to   space 18432K, 0% used [0x00000007bdb00000,0x00000007bdb00000,0x00000007bed00000)
 ParOldGen       total 165888K, used 39928K [0x0000000700000000, 0x000000070a200000, 0x00000007bc400000)
  object space 165888K, 24% used [0x0000000700000000,0x00000007026fe258,0x000000070a200000)
 Metaspace       used 59910K, capacity 60419K, committed 61184K, reserved 1101824K
  class space    used 8493K, capacity 8604K, committed 8704K, reserved 1048576K
Event: 45.149 GC heap after
Heap after GC invocations=29 (full 4):
 PSYoungGen      total 41984K, used 4732K [0x00000007bc400000, 0x00000007c0000000, 0x00000007c0000000)
  eden space 23552K, 0% used [0x00000007bc400000,0x00000007bc400000,0x00000007bdb00000)
  from space 18432K, 25% used [0x00000007bdb00000,0x00000007bdf9f070,0x00000007bed00000)
  to   space 17408K, 0% used [0x00000007bef00000,0x00000007bef00000,0x00000007c0000000)
 ParOldGen       total 165888K, used 39928K [0x0000000700000000, 0x000000070a200000, 0x00000007bc400000)
  object space 165888K, 24% used [0x0000000700000000,0x00000007026fe258,0x000000070a200000)
 Metaspace       used 59910K, capacity 60419K, committed 61184K, reserved 1101824K
  class space    used 8493K, capacity 8604K, committed 8704K, reserved 1048576K
}
Event: 45.599 GC heap before
{Heap before GC invocations=30 (full 4):
 PSYoungGen      total 41984K, used 28284K [0x00000007bc400000, 0x00000007c0000000, 0x00000007c0000000)
  eden space 23552K, 100% used [0x00000007bc400000,0x00000007bdb00000,0x00000007bdb00000)
  from space 18432K, 25% used [0x00000007bdb00000,0x00000007bdf9f070,0x00000007bed00000)
  to   space 17408K, 0% used [0x00000007bef00000,0x00000007bef00000,0x00000007c0000000)
 ParOldGen       total 165888K, used 39928K [0x0000000700000000, 0x000000070a200000, 0x00000007bc400000)
  object space 165888K, 24% used [0x0000000700000000,0x00000007026fe258,0x000000070a200000)
 Metaspace       used 62066K, capacity 62613K, committed 63360K, reserved 1103872K
  class space    used 8863K, capacity 8991K, committed 9088K, reserved 1048576K
Event: 45.605 GC heap after
Heap after GC invocations=30 (full 4):
 PSYoungGen      total 44544K, used 5740K [0x00000007bc400000, 0x00000007c0000000, 0x00000007c0000000)
  eden space 27136K, 0% used [0x00000007bc400000,0x00000007bc400000,0x00000007bde80000)
  from space 17408K, 32% used [0x00000007bef00000,0x00000007bf49b008,0x00000007c0000000)
  to   space 16896K, 0% used [0x00000007bde80000,0x00000007bde80000,0x00000007bef00000)
 ParOldGen       total 165888K, used 39936K [0x0000000700000000, 0x000000070a200000, 0x00000007bc400000)
  object space 165888K, 24% used [0x0000000700000000,0x0000000702700258,0x000000070a200000)
 Metaspace       used 62066K, capacity 62613K, committed 63360K, reserved 1103872K
  class space    used 8863K, capacity 8991K, committed 9088K, reserved 1048576K
}
Event: 45.828 GC heap before
{Heap before GC invocations=31 (full 4):
 PSYoungGen      total 44544K, used 19982K [0x00000007bc400000, 0x00000007c0000000, 0x00000007c0000000)
  eden space 27136K, 52% used [0x00000007bc400000,0x00000007bd1e89e0,0x00000007bde80000)
  from space 17408K, 32% used [0x00000007bef00000,0x00000007bf49b008,0x00000007c0000000)
  to   space 16896K, 0% used [0x00000007bde80000,0x00000007bde80000,0x00000007bef00000)
 ParOldGen       total 165888K, used 39936K [0x0000000700000000, 0x000000070a200000, 0x00000007bc400000)
  object space 165888K, 24% used [0x0000000700000000,0x0000000702700258,0x000000070a200000)
 Metaspace       used 63035K, capacity 63547K, committed 64128K, reserved 1103872K
  class space    used 8985K, capacity 9088K, committed 9088K, reserved 1048576K
Event: 45.835 GC heap after
Heap after GC invocations=31 (full 4):
 PSYoungGen      total 44032K, used 6360K [0x00000007bc400000, 0x00000007c0000000, 0x00000007c0000000)
  eden space 27136K, 0% used [0x00000007bc400000,0x00000007bc400000,0x00000007bde80000)
  from space 16896K, 37% used [0x00000007bde80000,0x00000007be4b62c8,0x00000007bef00000)
  to   space 16384K, 0% used [0x00000007bf000000,0x00000007bf000000,0x00000007c0000000)
 ParOldGen       total 165888K, used 39936K [0x0000000700000000, 0x000000070a200000, 0x00000007bc400000)
  object space 165888K, 24% used [0x0000000700000000,0x0000000702700258,0x000000070a200000)
 Metaspace       used 63035K, capacity 63547K, committed 64128K, reserved 1103872K
  class space    used 8985K, capacity 9088K, committed 9088K, reserved 1048576K
}
Event: 45.835 GC heap before
{Heap before GC invocations=32 (full 5):
 PSYoungGen      total 44032K, used 6360K [0x00000007bc400000, 0x00000007c0000000, 0x00000007c0000000)
  eden space 27136K, 0% used [0x00000007bc400000,0x00000007bc400000,0x00000007bde80000)
  from space 16896K, 37% used [0x00000007bde80000,0x00000007be4b62c8,0x00000007bef00000)
  to   space 16384K, 0% used [0x00000007bf000000,0x00000007bf000000,0x00000007c0000000)
 ParOldGen       total 165888K, used 39936K [0x0000000700000000, 0x000000070a200000, 0x00000007bc400000)
  object space 165888K, 24% used [0x0000000700000000,0x0000000702700258,0x000000070a200000)
 Metaspace       used 63035K, capacity 63547K, committed 64128K, reserved 1103872K
  class space    used 8985K, capacity 9088K, committed 9088K, reserved 1048576K
Event: 46.028 GC heap after
Heap after GC invocations=32 (full 5):
 PSYoungGen      total 44032K, used 0K [0x00000007bc400000, 0x00000007c0000000, 0x00000007c0000000)
  eden space 27136K, 0% used [0x00000007bc400000,0x00000007bc400000,0x00000007bde80000)
  from space 16896K, 0% used [0x00000007bde80000,0x00000007bde80000,0x00000007bef00000)
  to   space 16384K, 0% used [0x00000007bf000000,0x00000007bf000000,0x00000007c0000000)
 ParOldGen       total 165888K, used 43364K [0x0000000700000000, 0x000000070a200000, 0x00000007bc400000)
  object space 165888K, 26% used [0x0000000700000000,0x0000000702a590e8,0x000000070a200000)
 Metaspace       used 63035K, capacity 63547K, committed 64128K, reserved 1103872K
  class space    used 8985K, capacity 9088K, committed 9088K, reserved 1048576K
}

