# JRE version: Java(TM) SE Runtime Environment (8.0_112-b15) (build 1.8.0_112-b15)
# Java VM: Java HotSpot(TM) 64-Bit Server VM (25.112-b15 mixed mode windows-amd64 compressed oops)
Heap:
 PSYoungGen      total 49664K, used 13135K [0x00000007bc400000, 0x00000007c0000000, 0x00000007c0000000)
  eden space 38400K, 29% used [0x00000007bc400000,0x00000007bcf26f58,0x00000007be980000)
  from space 11264K, 15% used [0x00000007be980000,0x00000007beb2cd10,0x00000007bf480000)
  to   space 10752K, 0% used [0x00000007bf580000,0x00000007bf580000,0x00000007c0000000)
 ParOldGen       total 181248K, used 46248K [0x0000000700000000, 0x000000070b100000, 0x00000007bc400000)
  object space 181248K, 25% used [0x0000000700000000,0x0000000702d2a0b8,0x000000070b100000)
 Metaspace       used 65928K, capacity 66593K, committed 67328K, reserved 1107968K
  class space    used 9301K, capacity 9453K, committed 9472K, reserved 1048576K
GC Heap History (10 events):
Event: 153.445 GC heap before
{Heap before GC invocations=41 (full 4):
 PSYoungGen      total 48128K, used 34912K [0x00000007bc400000, 0x00000007c0000000, 0x00000007c0000000)
  eden space 34304K, 100% used [0x00000007bc400000,0x00000007be580000,0x00000007be580000)
  from space 13824K, 4% used [0x00000007bf280000,0x00000007bf318000,0x00000007c0000000)
  to   space 13312K, 0% used [0x00000007be580000,0x00000007be580000,0x00000007bf280000)
 ParOldGen       total 181248K, used 46232K [0x0000000700000000, 0x000000070b100000, 0x00000007bc400000)
  object space 181248K, 25% used [0x0000000700000000,0x0000000702d260b8,0x000000070b100000)
 Metaspace       used 65549K, capacity 66097K, committed 66816K, reserved 1105920K
  class space    used 9290K, capacity 9417K, committed 9472K, reserved 1048576K
Event: 153.451 GC heap after
Heap after GC invocations=41 (full 4):
 PSYoungGen      total 47616K, used 976K [0x00000007bc400000, 0x00000007c0000000, 0x00000007c0000000)
  eden space 34304K, 0% used [0x00000007bc400000,0x00000007bc400000,0x00000007be580000)
  from space 13312K, 7% used [0x00000007be580000,0x00000007be674010,0x00000007bf280000)
  to   space 12800K, 0% used [0x00000007bf380000,0x00000007bf380000,0x00000007c0000000)
 ParOldGen       total 181248K, used 46232K [0x0000000700000000, 0x000000070b100000, 0x00000007bc400000)
  object space 181248K, 25% used [0x0000000700000000,0x0000000702d260b8,0x000000070b100000)
 Metaspace       used 65549K, capacity 66097K, committed 66816K, reserved 1105920K
  class space    used 9290K, capacity 9417K, committed 9472K, reserved 1048576K
}
Event: 154.064 GC heap before
{Heap before GC invocations=42 (full 4):
 PSYoungGen      total 47616K, used 35280K [0x00000007bc400000, 0x00000007c0000000, 0x00000007c0000000)
  eden space 34304K, 100% used [0x00000007bc400000,0x00000007be580000,0x00000007be580000)
  from space 13312K, 7% used [0x00000007be580000,0x00000007be674010,0x00000007bf280000)
  to   space 12800K, 0% used [0x00000007bf380000,0x00000007bf380000,0x00000007c0000000)
 ParOldGen       total 181248K, used 46232K [0x0000000700000000, 0x000000070b100000, 0x00000007bc400000)
  object space 181248K, 25% used [0x0000000700000000,0x0000000702d260b8,0x000000070b100000)
 Metaspace       used 65581K, capacity 66161K, committed 66816K, reserved 1105920K
  class space    used 9290K, capacity 9417K, committed 9472K, reserved 1048576K
Event: 154.068 GC heap after
Heap after GC invocations=42 (full 4):
 PSYoungGen      total 49152K, used 656K [0x00000007bc400000, 0x00000007c0000000, 0x00000007c0000000)
  eden space 36352K, 0% used [0x00000007bc400000,0x00000007bc400000,0x00000007be780000)
  from space 12800K, 5% used [0x00000007bf380000,0x00000007bf424010,0x00000007c0000000)
  to   space 12288K, 0% used [0x00000007be780000,0x00000007be780000,0x00000007bf380000)
 ParOldGen       total 181248K, used 46232K [0x0000000700000000, 0x000000070b100000, 0x00000007bc400000)
  object space 181248K, 25% used [0x0000000700000000,0x0000000702d260b8,0x000000070b100000)
 Metaspace       used 65581K, capacity 66161K, committed 66816K, reserved 1105920K
  class space    used 9290K, capacity 9417K, committed 9472K, reserved 1048576K
}
Event: 156.379 GC heap before
{Heap before GC invocations=43 (full 4):
 PSYoungGen      total 49152K, used 37008K [0x00000007bc400000, 0x00000007c0000000, 0x00000007c0000000)
  eden space 36352K, 100% used [0x00000007bc400000,0x00000007be780000,0x00000007be780000)
  from space 12800K, 5% used [0x00000007bf380000,0x00000007bf424010,0x00000007c0000000)
  to   space 12288K, 0% used [0x00000007be780000,0x00000007be780000,0x00000007bf380000)
 ParOldGen       total 181248K, used 46232K [0x0000000700000000, 0x000000070b100000, 0x00000007bc400000)
  object space 181248K, 25% used [0x0000000700000000,0x0000000702d260b8,0x000000070b100000)
 Metaspace       used 65685K, capacity 66321K, committed 66816K, reserved 1105920K
  class space    used 9292K, capacity 9449K, committed 9472K, reserved 1048576K
Event: 156.387 GC heap after
Heap after GC invocations=43 (full 4):
 PSYoungGen      total 48640K, used 912K [0x00000007bc400000, 0x00000007c0000000, 0x00000007c0000000)
  eden space 36352K, 0% used [0x00000007bc400000,0x00000007bc400000,0x00000007be780000)
  from space 12288K, 7% used [0x00000007be780000,0x00000007be864010,0x00000007bf380000)
  to   space 11776K, 0% used [0x00000007bf480000,0x00000007bf480000,0x00000007c0000000)
 ParOldGen       total 181248K, used 46240K [0x0000000700000000, 0x000000070b100000, 0x00000007bc400000)
  object space 181248K, 25% used [0x0000000700000000,0x0000000702d280b8,0x000000070b100000)
 Metaspace       used 65685K, capacity 66321K, committed 66816K, reserved 1105920K
  class space    used 9292K, capacity 9449K, committed 9472K, reserved 1048576K
}
Event: 161.907 GC heap before
{Heap before GC invocations=44 (full 4):
 PSYoungGen      total 48640K, used 37264K [0x00000007bc400000, 0x00000007c0000000, 0x00000007c0000000)
  eden space 36352K, 100% used [0x00000007bc400000,0x00000007be780000,0x00000007be780000)
  from space 12288K, 7% used [0x00000007be780000,0x00000007be864010,0x00000007bf380000)
  to   space 11776K, 0% used [0x00000007bf480000,0x00000007bf480000,0x00000007c0000000)
 ParOldGen       total 181248K, used 46240K [0x0000000700000000, 0x000000070b100000, 0x00000007bc400000)
  object space 181248K, 25% used [0x0000000700000000,0x0000000702d280b8,0x000000070b100000)
 Metaspace       used 65760K, capacity 66385K, committed 67072K, reserved 1107968K
  class space    used 9293K, capacity 9449K, committed 9472K, reserved 1048576K
Event: 161.911 GC heap after
Heap after GC invocations=44 (full 4):
 PSYoungGen      total 50176K, used 1136K [0x00000007bc400000, 0x00000007c0000000, 0x00000007c0000000)
  eden space 38400K, 0% used [0x00000007bc400000,0x00000007bc400000,0x00000007be980000)
  from space 11776K, 9% used [0x00000007bf480000,0x00000007bf59c010,0x00000007c0000000)
  to   space 11264K, 0% used [0x00000007be980000,0x00000007be980000,0x00000007bf480000)
 ParOldGen       total 181248K, used 46240K [0x0000000700000000, 0x000000070b100000, 0x00000007bc400000)
  object space 181248K, 25% used [0x0000000700000000,0x0000000702d280b8,0x000000070b100000)
 Metaspace       used 65760K, capacity 66385K, committed 67072K, reserved 1107968K
  class space    used 9293K, capacity 9449K, committed 9472K, reserved 1048576K
}
Event: 164.391 GC heap before
{Heap before GC invocations=45 (full 4):
 PSYoungGen      total 50176K, used 39536K [0x00000007bc400000, 0x00000007c0000000, 0x00000007c0000000)
  eden space 38400K, 100% used [0x00000007bc400000,0x00000007be980000,0x00000007be980000)
  from space 11776K, 9% used [0x00000007bf480000,0x00000007bf59c010,0x00000007c0000000)
  to   space 11264K, 0% used [0x00000007be980000,0x00000007be980000,0x00000007bf480000)
 ParOldGen       total 181248K, used 46240K [0x0000000700000000, 0x000000070b100000, 0x00000007bc400000)
  object space 181248K, 25% used [0x0000000700000000,0x0000000702d280b8,0x000000070b100000)
 Metaspace       used 65916K, capacity 66593K, committed 67328K, reserved 1107968K
  class space    used 9301K, capacity 9453K, committed 9472K, reserved 1048576K
Event: 164.397 GC heap after
Heap after GC invocations=45 (full 4):
 PSYoungGen      total 49664K, used 1715K [0x00000007bc400000, 0x00000007c0000000, 0x00000007c0000000)
  eden space 38400K, 0% used [0x00000007bc400000,0x00000007bc400000,0x00000007be980000)
  from space 11264K, 15% used [0x00000007be980000,0x00000007beb2cd10,0x00000007bf480000)
  to   space 10752K, 0% used [0x00000007bf580000,0x00000007bf580000,0x00000007c0000000)
 ParOldGen       total 181248K, used 46248K [0x0000000700000000, 0x000000070b100000, 0x00000007bc400000)
  object space 181248K, 25% used [0x0000000700000000,0x0000000702d2a0b8,0x000000070b100000)
 Metaspace       used 65916K, capacity 66593K, committed 67328K, reserved 1107968K
  class space    used 9301K, capacity 9453K, committed 9472K, reserved 1048576K
}

